<?xml version="1.0" encoding="UTF-8"?>
<testsuite name="test.SmokeTest" tests="4" skipped="2" failures="1" errors="0" timestamp="2024-11-12T18:38:56" hostname="Mac-mini-Polina.local" time="27.425">
  <properties/>
  <testcase name="Пополнение лицевого счёта в личном кабинете" classname="test.SmokeTest" time="0.0">
    <skipped/>
  </testcase>
  <testcase name="Заказ постера: неавторизованный юзер" classname="test.SmokeTest" time="10.426"/>
  <testcase name="Загрузка фото в альбом" classname="test.SmokeTest" time="0.0">
    <skipped/>
  </testcase>
  <testcase name="Заказ календаря: неавторизованный юзер" classname="test.SmokeTest" time="16.986">
    <failure message="Element not found {by text: На свадьбу}&#10;Expected: clickable: interactable and enabled&#10;Screenshot: file:/Users/polinam/IdeaProjects/smoketests/build/reports/tests/1731436763232.0.png&#10;Page source: file:/Users/polinam/IdeaProjects/smoketests/build/reports/tests/1731436763232.0.html&#10;Timeout: 10 s.&#10;Caused by: NoSuchElementException: no such element: Unable to locate element: {&quot;method&quot;:&quot;xpath&quot;,&quot;selector&quot;:&quot;.//*/text()[normalize-space(translate(string(.), '" type="com.codeborne.selenide.ex.ElementNotFound">Element not found {by text: На свадьбу}
Expected: clickable: interactable and enabled
Screenshot: file:/Users/polinam/IdeaProjects/smoketests/build/reports/tests/1731436763232.0.png
Page source: file:/Users/polinam/IdeaProjects/smoketests/build/reports/tests/1731436763232.0.html
Timeout: 10 s.
Caused by: NoSuchElementException: no such element: Unable to locate element: {&quot;method&quot;:&quot;xpath&quot;,&quot;selector&quot;:&quot;.//*/text()[normalize-space(translate(string(.), '
	at app//com.codeborne.selenide.impl.WebElementSource.createElementNotFoundError(WebElementSource.java:90)
	at app//com.codeborne.selenide.impl.ElementFinder.createElementNotFoundError(ElementFinder.java:142)
	at app//com.codeborne.selenide.impl.WebElementSource.handleError(WebElementSource.java:142)
	at app//com.codeborne.selenide.impl.WebElementSource.checkConditionAndReturnElement(WebElementSource.java:126)
	at app//com.codeborne.selenide.impl.WebElementSource.findAndAssertElementIsClickable(WebElementSource.java:178)
	at app//com.codeborne.selenide.commands.Click.findElement(Click.java:53)
	at app//com.codeborne.selenide.commands.Click.execute(Click.java:34)
	at app//com.codeborne.selenide.commands.Click.execute(Click.java:26)
	at app//com.codeborne.selenide.commands.Commands.execute(Commands.java:162)
	at app//com.codeborne.selenide.impl.SelenideElementProxy.dispatchAndRetry(SelenideElementProxy.java:134)
	at app//com.codeborne.selenide.impl.SelenideElementProxy.invoke(SelenideElementProxy.java:86)
	at app/jdk.proxy3/jdk.proxy3.$Proxy18.click(Unknown Source)
	at app//page.ProductCardPage.chooseLoveStyle(ProductCardPage.java:27)
	at app//test.SmokeTest.posterOrderNotAuthorized2(SmokeTest.java:52)
	at java.base@19.0.2/java.lang.reflect.Method.invoke(Method.java:578)
	at java.base@19.0.2/java.util.ArrayList.forEach(ArrayList.java:1511)
	at java.base@19.0.2/java.util.ArrayList.forEach(ArrayList.java:1511)
Caused by: org.openqa.selenium.NoSuchElementException: no such element: Unable to locate element: {&quot;method&quot;:&quot;xpath&quot;,&quot;selector&quot;:&quot;.//*/text()[normalize-space(translate(string(.), '	
 ', '    ')) = &quot;На свадьбу&quot;]/parent::*&quot;}
  (Session info: chrome=130.0.6723.117)
For documentation on this error, please visit: https://www.selenium.dev/documentation/webdriver/troubleshooting/errors#no-such-element-exception
Build info: version: '4.25.0', revision: '8a8aea2337'
System info: os.name: 'Mac OS X', os.arch: 'aarch64', os.version: '15.1', java.version: '19.0.2'
Driver info: org.openqa.selenium.chrome.ChromeDriver
Command: [e8e66243f7fb82ab05da97615c0918a6, findElement {value=.//*/text()[normalize-space(translate(string(.), '	
 ', '    ')) = &quot;На свадьбу&quot;]/parent::*, using=xpath}]
Capabilities {acceptInsecureCerts: true, browserName: chrome, browserVersion: 130.0.6723.117, chrome: {chromedriverVersion: 130.0.6723.116 (6ac35f94ae3..., userDataDir: /var/folders/91/5515_ztj4mz...}, fedcm:accounts: true, goog:chromeOptions: {debuggerAddress: localhost:59774}, networkConnectionEnabled: false, pageLoadStrategy: eager, platformName: mac, proxy: Proxy(), se:cdp: ws://localhost:59774/devtoo..., se:cdpVersion: 130.0.6723.117, setWindowRect: true, strictFileInteractability: false, timeouts: {implicit: 0, pageLoad: 300000, script: 30000}, unhandledPromptBehavior: accept, webauthn:extension:credBlob: true, webauthn:extension:largeBlob: true, webauthn:extension:minPinLength: true, webauthn:extension:prf: true, webauthn:virtualAuthenticators: true}
Session ID: e8e66243f7fb82ab05da97615c0918a6
	at java.base@19.0.2/jdk.internal.reflect.DirectConstructorHandleAccessor.newInstance(DirectConstructorHandleAccessor.java:67)
	at java.base@19.0.2/java.lang.reflect.Constructor.newInstanceWithCaller(Constructor.java:500)
	at java.base@19.0.2/java.lang.reflect.Constructor.newInstance(Constructor.java:484)
	at app//org.openqa.selenium.remote.ErrorCodec.decode(ErrorCodec.java:167)
	at app//org.openqa.selenium.remote.codec.w3c.W3CHttpResponseCodec.decode(W3CHttpResponseCodec.java:138)
	at app//org.openqa.selenium.remote.codec.w3c.W3CHttpResponseCodec.decode(W3CHttpResponseCodec.java:50)
	at app//org.openqa.selenium.remote.HttpCommandExecutor.execute(HttpCommandExecutor.java:190)
	at app//org.openqa.selenium.remote.service.DriverCommandExecutor.invokeExecute(DriverCommandExecutor.java:216)
	at app//org.openqa.selenium.remote.service.DriverCommandExecutor.execute(DriverCommandExecutor.java:174)
	at app//org.openqa.selenium.remote.RemoteWebDriver.execute(RemoteWebDriver.java:545)
	at app//org.openqa.selenium.remote.ElementLocation$ElementFinder$2.findElement(ElementLocation.java:165)
	at app//org.openqa.selenium.remote.ElementLocation.findElement(ElementLocation.java:59)
	at app//org.openqa.selenium.remote.RemoteWebDriver.findElement(RemoteWebDriver.java:368)
	at app//org.openqa.selenium.remote.RemoteWebDriver.findElement(RemoteWebDriver.java:362)
	at app//com.codeborne.selenide.impl.WebElementSelector.findElement(WebElementSelector.java:73)
	at app//com.codeborne.selenide.impl.WebElementSelector.findElement(WebElementSelector.java:46)
	at app//com.codeborne.selenide.impl.WebElementSelector.findElement(WebElementSelector.java:35)
	at app//com.codeborne.selenide.impl.ElementFinder.getWebElement(ElementFinder.java:122)
	at app//com.codeborne.selenide.impl.WebElementSource.checkConditionAndReturnElement(WebElementSource.java:115)
	... 13 more
</failure>
  </testcase>
  <system-out><![CDATA[]]></system-out>
  <system-err><![CDATA[[Test worker] INFO com.codeborne.selenide.WebDriverThreadLocalContainer - No webdriver is bound to current thread: 1 - let's create a new webdriver
[Test worker] INFO com.codeborne.selenide.impl.FileHelper - Creating folder: /Users/polinam/IdeaProjects/smoketests/build/downloads/1731436736147_74282_1
нояб. 12, 2024 9:38:57 PM org.openqa.selenium.devtools.CdpVersionFinder findNearestMatch
WARNING: Unable to find an exact match for CDP version 130, returning the closest version; found: 129; Please update to a Selenium version that supports CDP version 130
[Test worker] INFO com.codeborne.selenide.webdriver.WebDriverFactory - BrowserName=chrome Version=130.0.6723.117 Platform=mac
[Test worker] INFO com.codeborne.selenide.webdriver.WebDriverFactory - Selenide v. 7.5.1
[Test worker] INFO com.codeborne.selenide.webdriver.WebDriverFactory - Selenium WebDriver v. 4.25.0 build revision: 8a8aea2337
[Test worker] INFO com.codeborne.selenide.drivercommands.CreateDriverCommand - Created webdriver in thread 1: ChromeDriver -> ChromeDriver: chrome on mac (f0f02ff7447b62d8ed4e9b6b16c50955), downloadsFolder: /Users/polinam/IdeaProjects/smoketests/build/downloads/1731436736147_74282_1
[Test worker] INFO com.codeborne.selenide.drivercommands.DisposablesRegistry - Register WebDriverInstance[config=com.codeborne.selenide.ThreadLocalSelenideConfig@35563e4c, webDriver=ChromeDriver: chrome on mac (f0f02ff7447b62d8ed4e9b6b16c50955), proxy=null, downloadsFolder=/Users/polinam/IdeaProjects/smoketests/build/downloads/1731436736147_74282_1] in 1 [size=1]
[Test worker] INFO com.codeborne.selenide.drivercommands.DisposablesRegistry - Add shutdown hook in 1 [size=1]
[Test worker] INFO com.codeborne.selenide.impl.FileHelper - Deleted empty folder: /Users/polinam/IdeaProjects/smoketests/build/downloads/1731436736147_74282_1
[Test worker] INFO com.codeborne.selenide.drivercommands.CloseDriverCommand - Close webdriver: 1 -> ChromeDriver: chrome on mac (f0f02ff7447b62d8ed4e9b6b16c50955)...
[Test worker] INFO com.codeborne.selenide.drivercommands.CloseDriverCommand - Closed webdriver 1 in 143 ms
[Test worker] INFO com.codeborne.selenide.drivercommands.DisposablesRegistry - Unregister WebDriverInstance[config=com.codeborne.selenide.ThreadLocalSelenideConfig@35563e4c, webDriver=ChromeDriver: chrome on mac (null), proxy=null, downloadsFolder=/Users/polinam/IdeaProjects/smoketests/build/downloads/1731436736147_74282_1] in 1 [size=0]
[Test worker] INFO com.codeborne.selenide.WebDriverThreadLocalContainer - No webdriver is bound to current thread: 1 - let's create a new webdriver
[Test worker] INFO com.codeborne.selenide.impl.FileHelper - Creating folder: /Users/polinam/IdeaProjects/smoketests/build/downloads/1731436746494_74282_1
нояб. 12, 2024 9:39:07 PM org.openqa.selenium.devtools.CdpVersionFinder findNearestMatch
WARNING: Unable to find an exact match for CDP version 130, returning the closest version; found: 129; Please update to a Selenium version that supports CDP version 130
[Test worker] INFO com.codeborne.selenide.webdriver.WebDriverFactory - BrowserName=chrome Version=130.0.6723.117 Platform=mac
[Test worker] INFO com.codeborne.selenide.webdriver.WebDriverFactory - Selenide v. 7.5.1
[Test worker] INFO com.codeborne.selenide.webdriver.WebDriverFactory - Selenium WebDriver v. 4.25.0 build revision: 8a8aea2337
[Test worker] INFO com.codeborne.selenide.drivercommands.CreateDriverCommand - Created webdriver in thread 1: ChromeDriver -> ChromeDriver: chrome on mac (e8e66243f7fb82ab05da97615c0918a6), downloadsFolder: /Users/polinam/IdeaProjects/smoketests/build/downloads/1731436746494_74282_1
[Test worker] INFO com.codeborne.selenide.drivercommands.DisposablesRegistry - Register WebDriverInstance[config=com.codeborne.selenide.ThreadLocalSelenideConfig@35563e4c, webDriver=ChromeDriver: chrome on mac (e8e66243f7fb82ab05da97615c0918a6), proxy=null, downloadsFolder=/Users/polinam/IdeaProjects/smoketests/build/downloads/1731436746494_74282_1] in 1 [size=1]
[Test worker] INFO com.codeborne.selenide.impl.FileHelper - Deleted empty folder: /Users/polinam/IdeaProjects/smoketests/build/downloads/1731436746494_74282_1
[Test worker] INFO com.codeborne.selenide.drivercommands.CloseDriverCommand - Close webdriver: 1 -> ChromeDriver: chrome on mac (e8e66243f7fb82ab05da97615c0918a6)...
[Test worker] INFO com.codeborne.selenide.drivercommands.CloseDriverCommand - Closed webdriver 1 in 125 ms
[Test worker] INFO com.codeborne.selenide.drivercommands.DisposablesRegistry - Unregister WebDriverInstance[config=com.codeborne.selenide.ThreadLocalSelenideConfig@35563e4c, webDriver=ChromeDriver: chrome on mac (null), proxy=null, downloadsFolder=/Users/polinam/IdeaProjects/smoketests/build/downloads/1731436746494_74282_1] in 1 [size=0]
]]></system-err>
</testsuite>
